<?xml version="1.0" encoding="UTF-8"?>
<testng-results ignored="0" total="1" passed="1" failed="0" skipped="0">
  <reporter-output>
  </reporter-output>
  <suite started-at="2025-05-16T15:52:57 IST" name="BarSys_Automation" finished-at="2025-05-16T15:53:05 IST" duration-ms="8399">
    <groups>
    </groups>
    <test started-at="2025-05-16T15:52:57 IST" name="Alltestclasses" finished-at="2025-05-16T15:53:05 IST" duration-ms="8399">
      <class name="org.example.Test.LoginTest">
        <test-method is-config="true" signature="setup()[pri:0, instance:org.example.Test.LoginTest@4386f16]" started-at="2025-05-16T15:52:57 IST" name="setup" finished-at="2025-05-16T15:53:04 IST" duration-ms="7051" status="PASS">
          <reporter-output>
          </reporter-output>
        </test-method> <!-- setup -->
        <test-method signature="testValidLogin()[pri:0, instance:org.example.Test.LoginTest@4386f16]" started-at="2025-05-16T15:53:04 IST" name="testValidLogin" finished-at="2025-05-16T15:53:05 IST" duration-ms="1141" status="PASS">
          <reporter-output>
          </reporter-output>
        </test-method> <!-- testValidLogin -->
        <test-method is-config="true" signature="tearDown()[pri:0, instance:org.example.Test.LoginTest@4386f16]" started-at="2025-05-16T15:53:05 IST" name="tearDown" finished-at="2025-05-16T15:53:05 IST" duration-ms="164" status="PASS">
          <reporter-output>
          </reporter-output>
        </test-method> <!-- tearDown -->
      </class> <!-- org.example.Test.LoginTest -->
    </test> <!-- Alltestclasses -->
  </suite> <!-- BarSys_Automation -->
</testng-results>
